<?xml version="1.0" encoding="UTF-8"?>
<testng-results ignored="0" total="5" passed="5" failed="0" skipped="0">
  <reporter-output>
  </reporter-output>
  <suite started-at="2026-01-23T13:01:52 PKT" name="Default suite" finished-at="2026-01-23T13:02:37 PKT" duration-ms="44762">
    <groups>
      <group name="cucumber">
        <method signature="AbstractTestNGCucumberTests.runScenario(io.cucumber.testng.PickleWrapper,io.cucumber.testng.FeatureWrapper)[pri:0, instance:runners.TestRunner@2cd76f31]" name="runScenario" class="io.cucumber.testng.AbstractTestNGCucumberTests"/>
      </group> <!-- cucumber -->
    </groups>
    <test started-at="2026-01-23T13:01:52 PKT" name="Default test" finished-at="2026-01-23T13:02:37 PKT" duration-ms="44762">
      <class name="runners.TestRunner">
        <test-method is-config="true" signature="setUpClass(org.testng.ITestContext)[pri:0, instance:runners.TestRunner@2cd76f31]" started-at="2026-01-23T13:01:52 PKT" name="setUpClass" finished-at="2026-01-23T13:02:07 PKT" duration-ms="14704" status="PASS">
          <params>
            <param index="0">
              <value>
                <![CDATA[org.testng.TestRunner@58fa5769]]>
              </value>
            </param>
          </params>
          <reporter-output>
          </reporter-output>
        </test-method> <!-- setUpClass -->
        <test-method signature="runScenario(io.cucumber.testng.PickleWrapper,io.cucumber.testng.FeatureWrapper)[pri:0, instance:runners.TestRunner@2cd76f31]" started-at="2026-01-23T13:02:07 PKT" name="runScenario" description="Runs Cucumber Scenarios" data-provider="scenarios" finished-at="2026-01-23T13:02:13 PKT" duration-ms="6189" status="PASS">
          <params>
            <param index="0">
              <value>
                <![CDATA["Perform calculator operations"]]>
              </value>
            </param>
            <param index="1">
              <value>
                <![CDATA["Calculator Operations"]]>
              </value>
            </param>
          </params>
          <reporter-output>
          </reporter-output>
        </test-method> <!-- runScenario -->
        <test-method signature="runScenario(io.cucumber.testng.PickleWrapper,io.cucumber.testng.FeatureWrapper)[pri:0, instance:runners.TestRunner@2cd76f31]" started-at="2026-01-23T13:02:13 PKT" name="runScenario" description="Runs Cucumber Scenarios" data-provider="scenarios" finished-at="2026-01-23T13:02:19 PKT" duration-ms="5475" status="PASS">
          <params>
            <param index="0">
              <value>
                <![CDATA["Perform calculator operations"]]>
              </value>
            </param>
            <param index="1">
              <value>
                <![CDATA["Calculator Operations"]]>
              </value>
            </param>
          </params>
          <reporter-output>
          </reporter-output>
        </test-method> <!-- runScenario -->
        <test-method signature="runScenario(io.cucumber.testng.PickleWrapper,io.cucumber.testng.FeatureWrapper)[pri:0, instance:runners.TestRunner@2cd76f31]" started-at="2026-01-23T13:02:19 PKT" name="runScenario" description="Runs Cucumber Scenarios" data-provider="scenarios" finished-at="2026-01-23T13:02:26 PKT" duration-ms="6966" status="PASS">
          <params>
            <param index="0">
              <value>
                <![CDATA["Perform calculator operations"]]>
              </value>
            </param>
            <param index="1">
              <value>
                <![CDATA["Calculator Operations"]]>
              </value>
            </param>
          </params>
          <reporter-output>
          </reporter-output>
        </test-method> <!-- runScenario -->
        <test-method signature="runScenario(io.cucumber.testng.PickleWrapper,io.cucumber.testng.FeatureWrapper)[pri:0, instance:runners.TestRunner@2cd76f31]" started-at="2026-01-23T13:02:26 PKT" name="runScenario" description="Runs Cucumber Scenarios" data-provider="scenarios" finished-at="2026-01-23T13:02:31 PKT" duration-ms="5462" status="PASS">
          <params>
            <param index="0">
              <value>
                <![CDATA["Perform calculator operations"]]>
              </value>
            </param>
            <param index="1">
              <value>
                <![CDATA["Calculator Operations"]]>
              </value>
            </param>
          </params>
          <reporter-output>
          </reporter-output>
        </test-method> <!-- runScenario -->
        <test-method signature="runScenario(io.cucumber.testng.PickleWrapper,io.cucumber.testng.FeatureWrapper)[pri:0, instance:runners.TestRunner@2cd76f31]" started-at="2026-01-23T13:02:31 PKT" name="runScenario" description="Runs Cucumber Scenarios" data-provider="scenarios" finished-at="2026-01-23T13:02:36 PKT" duration-ms="5129" status="PASS">
          <params>
            <param index="0">
              <value>
                <![CDATA["Perform calculator operations"]]>
              </value>
            </param>
            <param index="1">
              <value>
                <![CDATA["Calculator Operations"]]>
              </value>
            </param>
          </params>
          <reporter-output>
          </reporter-output>
        </test-method> <!-- runScenario -->
        <test-method is-config="true" signature="tearDownClass()[pri:0, instance:runners.TestRunner@2cd76f31]" started-at="2026-01-23T13:02:36 PKT" name="tearDownClass" finished-at="2026-01-23T13:02:37 PKT" duration-ms="752" status="PASS">
          <reporter-output>
          </reporter-output>
        </test-method> <!-- tearDownClass -->
      </class> <!-- runners.TestRunner -->
    </test> <!-- Default test -->
  </suite> <!-- Default suite -->
</testng-results>
