<?xml version="1.0" encoding="UTF-8"?>
<!-- Generated by org.testng.reporters.JUnitReportReporter -->
<testsuite hostname="DESKTOP-A2CKPQS" failures="0" tests="5" name="runners.TestRunner" time="29.221" errors="0" timestamp="2026-01-23T13:02:37 PKT" skipped="0">
  <testcase classname="runners.TestRunner" name="runScenario" time="6.966"/>
  <testcase classname="runners.TestRunner" name="runScenario" time="5.462"/>
  <testcase classname="runners.TestRunner" name="runScenario" time="6.189"/>
  <testcase classname="runners.TestRunner" name="runScenario" time="5.129"/>
  <testcase classname="runners.TestRunner" name="runScenario" time="5.475"/>
</testsuite> <!-- runners.TestRunner -->
